# JRE version: Java(TM) SE Runtime Environment (17.0.12+8) (build 17.0.12+8-LTS-286)
# Java VM: Java HotSpot(TM) 64-Bit Server VM (17.0.12+8-LTS-286, mixed mode, emulated-client, sharing, tiered, compressed oops, compressed class ptrs, g1 gc, windows-amd64)
GC Precious Log:
 CPUs: 4 total, 4 available
 Memory: 4011M
 Large Page Support: Disabled
 NUMA Support: Disabled
 Compressed Oops: Enabled (32-bit)
 Heap Region Size: 1M
 Heap Min Capacity: 8M
 Heap Initial Capacity: 64M
 Heap Max Capacity: 1004M
 Pre-touch: Disabled
 Parallel Workers: 4
 Concurrent Workers: 1
 Concurrent Refinement Workers: 4
 Periodic GC: Disabled
Heap:
 garbage-first heap   total 55296K, used 42354K [0x00000000c1400000, 0x0000000100000000)
  region size 1024K, 21 young (21504K), 3 survivors (3072K)
 Metaspace       used 51409K, committed 51968K, reserved 1114112K
  class space    used 7434K, committed 7744K, reserved 1048576K
GC Heap History (20 events):
Event: 2.826 GC heap after
{Heap after GC invocations=2 (full 0):
 garbage-first heap   total 65536K, used 9073K [0x00000000c1400000, 0x0000000100000000)
  region size 1024K, 2 young (2048K), 2 survivors (2048K)
 Metaspace       used 7535K, committed 7872K, reserved 1114112K
  class space    used 982K, committed 1152K, reserved 1048576K
}
Event: 3.800 GC heap before
{Heap before GC invocations=2 (full 0):
 garbage-first heap   total 65536K, used 28529K [0x00000000c1400000, 0x0000000100000000)
  region size 1024K, 21 young (21504K), 2 survivors (2048K)
 Metaspace       used 11824K, committed 12160K, reserved 1114112K
  class space    used 1683K, committed 1792K, reserved 1048576K
}
Event: 3.807 GC heap after
{Heap after GC invocations=3 (full 0):
 garbage-first heap   total 65536K, used 10679K [0x00000000c1400000, 0x0000000100000000)
  region size 1024K, 3 young (3072K), 3 survivors (3072K)
 Metaspace       used 11824K, committed 12160K, reserved 1114112K
  class space    used 1683K, committed 1792K, reserved 1048576K
}
Event: 4.776 GC heap before
{Heap before GC invocations=3 (full 0):
 garbage-first heap   total 65536K, used 40375K [0x00000000c1400000, 0x0000000100000000)
  region size 1024K, 33 young (33792K), 3 survivors (3072K)
 Metaspace       used 19378K, committed 19712K, reserved 1114112K
  class space    used 2650K, committed 2816K, reserved 1048576K
}
Event: 4.785 GC heap after
{Heap after GC invocations=4 (full 0):
 garbage-first heap   total 65536K, used 13424K [0x00000000c1400000, 0x0000000100000000)
  region size 1024K, 5 young (5120K), 5 survivors (5120K)
 Metaspace       used 19378K, committed 19712K, reserved 1114112K
  class space    used 2650K, committed 2816K, reserved 1048576K
}
Event: 5.314 GC heap before
{Heap before GC invocations=4 (full 0):
 garbage-first heap   total 65536K, used 26736K [0x00000000c1400000, 0x0000000100000000)
  region size 1024K, 19 young (19456K), 5 survivors (5120K)
 Metaspace       used 21105K, committed 21504K, reserved 1114112K
  class space    used 2874K, committed 3072K, reserved 1048576K
}
Event: 5.326 GC heap after
{Heap after GC invocations=5 (full 0):
 garbage-first heap   total 65536K, used 14627K [0x00000000c1400000, 0x0000000100000000)
  region size 1024K, 4 young (4096K), 4 survivors (4096K)
 Metaspace       used 21105K, committed 21504K, reserved 1114112K
  class space    used 2874K, committed 3072K, reserved 1048576K
}
Event: 6.634 GC heap before
{Heap before GC invocations=6 (full 0):
 garbage-first heap   total 55296K, used 43299K [0x00000000c1400000, 0x0000000100000000)
  region size 1024K, 32 young (32768K), 4 survivors (4096K)
 Metaspace       used 24353K, committed 24768K, reserved 1114112K
  class space    used 3381K, committed 3584K, reserved 1048576K
}
Event: 6.652 GC heap after
{Heap after GC invocations=7 (full 0):
 garbage-first heap   total 55296K, used 17086K [0x00000000c1400000, 0x0000000100000000)
  region size 1024K, 4 young (4096K), 4 survivors (4096K)
 Metaspace       used 24353K, committed 24768K, reserved 1114112K
  class space    used 3381K, committed 3584K, reserved 1048576K
}
Event: 8.182 GC heap before
{Heap before GC invocations=7 (full 0):
 garbage-first heap   total 55296K, used 38590K [0x00000000c1400000, 0x0000000100000000)
  region size 1024K, 25 young (25600K), 4 survivors (4096K)
 Metaspace       used 28233K, committed 28736K, reserved 1114112K
  class space    used 3941K, committed 4160K, reserved 1048576K
}
Event: 8.206 GC heap after
{Heap after GC invocations=8 (full 0):
 garbage-first heap   total 55296K, used 19223K [0x00000000c1400000, 0x0000000100000000)
  region size 1024K, 3 young (3072K), 3 survivors (3072K)
 Metaspace       used 28233K, committed 28736K, reserved 1114112K
  class space    used 3941K, committed 4160K, reserved 1048576K
}
Event: 9.399 GC heap before
{Heap before GC invocations=8 (full 0):
 garbage-first heap   total 55296K, used 39703K [0x00000000c1400000, 0x0000000100000000)
  region size 1024K, 23 young (23552K), 3 survivors (3072K)
 Metaspace       used 32784K, committed 33280K, reserved 1114112K
  class space    used 4552K, committed 4800K, reserved 1048576K
}
Event: 9.407 GC heap after
{Heap after GC invocations=9 (full 0):
 garbage-first heap   total 55296K, used 20814K [0x00000000c1400000, 0x0000000100000000)
  region size 1024K, 2 young (2048K), 2 survivors (2048K)
 Metaspace       used 32784K, committed 33280K, reserved 1114112K
  class space    used 4552K, committed 4800K, reserved 1048576K
}
Event: 10.102 GC heap before
{Heap before GC invocations=9 (full 0):
 garbage-first heap   total 55296K, used 35150K [0x00000000c1400000, 0x0000000100000000)
  region size 1024K, 17 young (17408K), 2 survivors (2048K)
 Metaspace       used 35579K, committed 36096K, reserved 1114112K
  class space    used 5181K, committed 5440K, reserved 1048576K
}
Event: 10.109 GC heap after
{Heap after GC invocations=10 (full 0):
 garbage-first heap   total 55296K, used 21793K [0x00000000c1400000, 0x0000000100000000)
  region size 1024K, 3 young (3072K), 3 survivors (3072K)
 Metaspace       used 35579K, committed 36096K, reserved 1114112K
  class space    used 5181K, committed 5440K, reserved 1048576K
}
Event: 10.820 GC heap before
{Heap before GC invocations=11 (full 0):
 garbage-first heap   total 55296K, used 41249K [0x00000000c1400000, 0x0000000100000000)
  region size 1024K, 22 young (22528K), 3 survivors (3072K)
 Metaspace       used 41154K, committed 41664K, reserved 1114112K
  class space    used 5963K, committed 6208K, reserved 1048576K
}
Event: 10.827 GC heap after
{Heap after GC invocations=12 (full 0):
 garbage-first heap   total 55296K, used 22701K [0x00000000c1400000, 0x0000000100000000)
  region size 1024K, 3 young (3072K), 3 survivors (3072K)
 Metaspace       used 41154K, committed 41664K, reserved 1114112K
  class space    used 5963K, committed 6208K, reserved 1048576K
}
Event: 12.254 GC heap before
{Heap before GC invocations=12 (full 0):
 garbage-first heap   total 55296K, used 41133K [0x00000000c1400000, 0x0000000100000000)
  region size 1024K, 22 young (22528K), 3 survivors (3072K)
 Metaspace       used 47160K, committed 47680K, reserved 1114112K
  class space    used 6759K, committed 6976K, reserved 1048576K
}
Event: 12.261 GC heap after
{Heap after GC invocations=13 (full 0):
 garbage-first heap   total 55296K, used 23922K [0x00000000c1400000, 0x0000000100000000)
  region size 1024K, 3 young (3072K), 3 survivors (3072K)
 Metaspace       used 47160K, committed 47680K, reserved 1114112K
  class space    used 6759K, committed 6976K, reserved 1048576K
}
Event: 13.179 GC heap before
{Heap before GC invocations=13 (full 0):
 garbage-first heap   total 55296K, used 42354K [0x00000000c1400000, 0x0000000100000000)
  region size 1024K, 21 young (21504K), 3 survivors (3072K)
 Metaspace       used 51409K, committed 51968K, reserved 1114112K
  class space    used 7434K, committed 7744K, reserved 1048576K
}

