# JRE version: Java(TM) SE Runtime Environment (17.0.12+8) (build 17.0.12+8-LTS-286)
# Java VM: Java HotSpot(TM) 64-Bit Server VM (17.0.12+8-LTS-286, mixed mode, emulated-client, sharing, tiered, compressed oops, compressed class ptrs, g1 gc, windows-amd64)
GC Precious Log:
 CPUs: 4 total, 4 available
 Memory: 4011M
 Large Page Support: Disabled
 NUMA Support: Disabled
 Compressed Oops: Enabled (32-bit)
 Heap Region Size: 1M
 Heap Min Capacity: 8M
 Heap Initial Capacity: 64M
 Heap Max Capacity: 1004M
 Pre-touch: Disabled
 Parallel Workers: 4
 Concurrent Workers: 1
 Concurrent Refinement Workers: 4
 Periodic GC: Disabled
Heap:
 garbage-first heap   total 55296K, used 24092K [0x00000000c1400000, 0x0000000100000000)
  region size 1024K, 4 young (4096K), 3 survivors (3072K)
 Metaspace       used 47186K, committed 47680K, reserved 1114112K
  class space    used 6773K, committed 7040K, reserved 1048576K
GC Heap History (20 events):
Event: 9.211 GC heap before
{Heap before GC invocations=2 (full 0):
 garbage-first heap   total 65536K, used 27433K [0x00000000c1400000, 0x0000000100000000)
  region size 1024K, 21 young (21504K), 2 survivors (2048K)
 Metaspace       used 10932K, committed 11264K, reserved 1114112K
  class space    used 1490K, committed 1664K, reserved 1048576K
}
Event: 9.218 GC heap after
{Heap after GC invocations=3 (full 0):
 garbage-first heap   total 65536K, used 10170K [0x00000000c1400000, 0x0000000100000000)
  region size 1024K, 3 young (3072K), 3 survivors (3072K)
 Metaspace       used 10932K, committed 11264K, reserved 1114112K
  class space    used 1490K, committed 1664K, reserved 1048576K
}
Event: 10.723 GC heap before
{Heap before GC invocations=3 (full 0):
 garbage-first heap   total 65536K, used 40890K [0x00000000c1400000, 0x0000000100000000)
  region size 1024K, 34 young (34816K), 3 survivors (3072K)
 Metaspace       used 18334K, committed 18816K, reserved 1114112K
  class space    used 2524K, committed 2752K, reserved 1048576K
}
Event: 10.732 GC heap after
{Heap after GC invocations=4 (full 0):
 garbage-first heap   total 65536K, used 12206K [0x00000000c1400000, 0x0000000100000000)
  region size 1024K, 5 young (5120K), 5 survivors (5120K)
 Metaspace       used 18334K, committed 18816K, reserved 1114112K
  class space    used 2524K, committed 2752K, reserved 1048576K
}
Event: 11.793 GC heap before
{Heap before GC invocations=4 (full 0):
 garbage-first heap   total 65536K, used 29614K [0x00000000c1400000, 0x0000000100000000)
  region size 1024K, 24 young (24576K), 5 survivors (5120K)
 Metaspace       used 21125K, committed 21504K, reserved 1114112K
  class space    used 2890K, committed 3072K, reserved 1048576K
}
Event: 11.804 GC heap after
{Heap after GC invocations=5 (full 0):
 garbage-first heap   total 65536K, used 14612K [0x00000000c1400000, 0x0000000100000000)
  region size 1024K, 5 young (5120K), 5 survivors (5120K)
 Metaspace       used 21125K, committed 21504K, reserved 1114112K
  class space    used 2890K, committed 3072K, reserved 1048576K
}
Event: 13.832 GC heap before
{Heap before GC invocations=6 (full 0):
 garbage-first heap   total 55296K, used 42260K [0x00000000c1400000, 0x0000000100000000)
  region size 1024K, 32 young (32768K), 5 survivors (5120K)
 Metaspace       used 24072K, committed 24576K, reserved 1114112K
  class space    used 3338K, committed 3584K, reserved 1048576K
}
Event: 13.844 GC heap after
{Heap after GC invocations=7 (full 0):
 garbage-first heap   total 55296K, used 16517K [0x00000000c1400000, 0x0000000100000000)
  region size 1024K, 3 young (3072K), 3 survivors (3072K)
 Metaspace       used 24072K, committed 24576K, reserved 1114112K
  class space    used 3338K, committed 3584K, reserved 1048576K
}
Event: 15.154 GC heap before
{Heap before GC invocations=7 (full 0):
 garbage-first heap   total 55296K, used 38021K [0x00000000c1400000, 0x0000000100000000)
  region size 1024K, 25 young (25600K), 3 survivors (3072K)
 Metaspace       used 27691K, committed 28096K, reserved 1114112K
  class space    used 3901K, committed 4096K, reserved 1048576K
}
Event: 15.162 GC heap after
{Heap after GC invocations=8 (full 0):
 garbage-first heap   total 55296K, used 18645K [0x00000000c1400000, 0x0000000100000000)
  region size 1024K, 4 young (4096K), 4 survivors (4096K)
 Metaspace       used 27691K, committed 28096K, reserved 1114112K
  class space    used 3901K, committed 4096K, reserved 1048576K
}
Event: 16.331 GC heap before
{Heap before GC invocations=8 (full 0):
 garbage-first heap   total 55296K, used 40149K [0x00000000c1400000, 0x0000000100000000)
  region size 1024K, 25 young (25600K), 4 survivors (4096K)
 Metaspace       used 31203K, committed 31744K, reserved 1114112K
  class space    used 4335K, committed 4608K, reserved 1048576K
}
Event: 16.346 GC heap after
{Heap after GC invocations=9 (full 0):
 garbage-first heap   total 55296K, used 20717K [0x00000000c1400000, 0x0000000100000000)
  region size 1024K, 2 young (2048K), 2 survivors (2048K)
 Metaspace       used 31203K, committed 31744K, reserved 1114112K
  class space    used 4335K, committed 4608K, reserved 1048576K
}
Event: 19.600 GC heap before
{Heap before GC invocations=9 (full 0):
 garbage-first heap   total 55296K, used 41197K [0x00000000c1400000, 0x0000000100000000)
  region size 1024K, 22 young (22528K), 2 survivors (2048K)
 Metaspace       used 35508K, committed 36096K, reserved 1114112K
  class space    used 5156K, committed 5440K, reserved 1048576K
}
Event: 19.613 GC heap after
{Heap after GC invocations=10 (full 0):
 garbage-first heap   total 55296K, used 22091K [0x00000000c1400000, 0x0000000100000000)
  region size 1024K, 2 young (2048K), 2 survivors (2048K)
 Metaspace       used 35508K, committed 36096K, reserved 1114112K
  class space    used 5156K, committed 5440K, reserved 1048576K
}
Event: 19.764 GC heap before
{Heap before GC invocations=10 (full 0):
 garbage-first heap   total 55296K, used 23115K [0x00000000c1400000, 0x0000000100000000)
  region size 1024K, 4 young (4096K), 2 survivors (2048K)
 Metaspace       used 35592K, committed 36096K, reserved 1114112K
  class space    used 5177K, committed 5440K, reserved 1048576K
}
Event: 19.769 GC heap after
{Heap after GC invocations=11 (full 0):
 garbage-first heap   total 55296K, used 21996K [0x00000000c1400000, 0x0000000100000000)
  region size 1024K, 2 young (2048K), 2 survivors (2048K)
 Metaspace       used 35592K, committed 36096K, reserved 1114112K
  class space    used 5177K, committed 5440K, reserved 1048576K
}
Event: 21.708 GC heap before
{Heap before GC invocations=12 (full 0):
 garbage-first heap   total 55296K, used 41452K [0x00000000c1400000, 0x0000000100000000)
  region size 1024K, 21 young (21504K), 2 survivors (2048K)
 Metaspace       used 40335K, committed 40832K, reserved 1114112K
  class space    used 5882K, committed 6144K, reserved 1048576K
}
Event: 21.713 GC heap after
{Heap after GC invocations=13 (full 0):
 garbage-first heap   total 55296K, used 22907K [0x00000000c1400000, 0x0000000100000000)
  region size 1024K, 3 young (3072K), 3 survivors (3072K)
 Metaspace       used 40335K, committed 40832K, reserved 1114112K
  class space    used 5882K, committed 6144K, reserved 1048576K
}
Event: 26.004 GC heap before
{Heap before GC invocations=13 (full 0):
 garbage-first heap   total 55296K, used 41339K [0x00000000c1400000, 0x0000000100000000)
  region size 1024K, 22 young (22528K), 3 survivors (3072K)
 Metaspace       used 47099K, committed 47616K, reserved 1114112K
  class space    used 6773K, committed 7040K, reserved 1048576K
}
Event: 26.011 GC heap after
{Heap after GC invocations=14 (full 0):
 garbage-first heap   total 55296K, used 24092K [0x00000000c1400000, 0x0000000100000000)
  region size 1024K, 3 young (3072K), 3 survivors (3072K)
 Metaspace       used 47099K, committed 47616K, reserved 1114112K
  class space    used 6773K, committed 7040K, reserved 1048576K
}

